<?xml version="1.0" encoding="UTF-8"?>
<!-- Generated by org.testng.reporters.JUnitReportReporter -->
<testsuite hostname="DESKTOP-R0NL5GO" failures="0" tests="5" name="testPages.LoginPageTest" time="18.798" errors="0" timestamp="2024-01-04T20:27:40 EST" skipped="2">
  <testcase classname="testPages.LoginPageTest" name="verifyDoLoginTest" time="7.455"/>
  <testcase classname="testPages.LoginPageTest" name="verifyDoLoginOneArgsTest" time="4.893"/>
  <testcase classname="testPages.LoginPageTest" name="verifyDoLoginNoArgsTest" time="6.450"/>
  <testcase classname="testPages.LoginPageTest" name="verifyLoginPageTitleTest">
    <skipped/>
  </testcase> <!-- verifyLoginPageTitleTest -->
  <testcase classname="testPages.LoginPageTest" name="verifyLoginPageHeaderTest">
    <skipped/>
  </testcase> <!-- verifyLoginPageHeaderTest -->
</testsuite> <!-- testPages.LoginPageTest -->
