<?xml version="1.0" encoding="UTF-8"?>
<!-- Generated by org.testng.reporters.JUnitReportReporter -->
<testsuite hostname="DESKTOP-R0NL5GO" failures="0" tests="5" name="testPages.LoginPageTest" time="24.156" errors="0" timestamp="2024-01-05T11:22:49 EST" skipped="2">
  <testcase classname="testPages.LoginPageTest" name="verifyDoLoginTest" time="10.981"/>
  <testcase classname="testPages.LoginPageTest" name="verifyDoLoginNoArgsTest" time="7.546"/>
  <testcase classname="testPages.LoginPageTest" name="verifyDoLoginOneArgsTest" time="5.629"/>
  <testcase classname="testPages.LoginPageTest" name="verifyLoginPageTitleTest">
    <skipped/>
  </testcase> <!-- verifyLoginPageTitleTest -->
  <testcase classname="testPages.LoginPageTest" name="verifyLoginPageHeaderTest">
    <skipped/>
  </testcase> <!-- verifyLoginPageHeaderTest -->
</testsuite> <!-- testPages.LoginPageTest -->
